{"level": "INFO", "ts": "2025-09-20T07:37:19", "logger": "agent_manager", "msg": "Manager starting"}
{"level": "ERROR", "ts": "2025-09-20T07:37:19", "logger": "agent_manager", "msg": "Stall detected"}
{"level": "ERROR", "ts": "2025-09-20T07:37:49", "logger": "agent_manager", "msg": "Stall detected"}
{"level": "ERROR", "ts": "2025-09-20T07:38:19", "logger": "agent_manager", "msg": "Stall detected"}
{"level": "INFO", "ts": "2025-09-20T07:38:19", "logger": "analysis_agent", "msg": "Analysis snapshot written"}
{"level": "ERROR", "ts": "2025-09-20T07:38:39", "logger": "agent_manager", "msg": "Manager crashed", "exc": "Traceback (most recent call last):\n  File \"/workspace/agent_manager.py\", line 343, in main\n    try:\n    \n  File \"/usr/lib/python3.13/asyncio/runners.py\", line 195, in run\n    return runner.run(main)\n           ~~~~~~~~~~^^^^^^\n  File \"/usr/lib/python3.13/asyncio/runners.py\", line 118, in run\n    return self._loop.run_until_complete(task)\n           ~~~~~~~~~~~~~~~~~~~~~~~~~~~~~^^^^^^\n  File \"/usr/lib/python3.13/asyncio/base_events.py\", line 719, in run_until_complete\n    return future.result()\n           ~~~~~~~~~~~~~^^\n  File \"/workspace/agent_manager.py\", line 337, in async_main\n    await stop_event.wait()\n    ^^^^^^^^^^^^^^^^\n  File \"/workspace/agent_manager.py\", line 284, in stop\n    for t in self._tasks:\n             ^^^^^^^^^^\nNameError: name 'contextlib' is not defined. Did you forget to import 'contextlib'?"}
{"level": "ERROR", "ts": "2025-09-20T07:38:39", "logger": "asyncio", "msg": "Task exception was never retrieved\nfuture: <Task finished name='Task-4' coro=<AgentManager._start_analysis() done, defined at /workspace/agent_manager.py:239> exception=NameError(\"name 'contextlib' is not defined\")>", "exc": "Traceback (most recent call last):\n  File \"/workspace/agent_manager.py\", line 256, in _start_analysis\n    try:\n    \n  File \"/usr/lib/python3.13/asyncio/locks.py\", line 213, in wait\n    await fut\nasyncio.exceptions.CancelledError\n\nDuring handling of the above exception, another exception occurred:\n\nTraceback (most recent call last):\n  File \"/workspace/agent_manager.py\", line 258, in _start_analysis\n    finally:\n    \nNameError: name 'contextlib' is not defined. Did you forget to import 'contextlib'?"}
{"level": "ERROR", "ts": "2025-09-20T07:38:39", "logger": "asyncio", "msg": "Task exception was never retrieved\nfuture: <Task finished name='Task-6' coro=<RotationAwareTailer.run() done, defined at /workspace/analysis_agent.py:126> exception=KeyError(\"Attempt to overwrite 'name' in LogRecord\")>", "exc": "Traceback (most recent call last):\n  File \"/workspace/analysis_agent.py\", line 127, in run\n    logger.info(\"Tailer start\", extra={\"file\": str(self.path), \"name\": self.name})\n    ~~~~~~~~~~~^^^^^^^^^^^^^^^^^^^^^^^^^^^^^^^^^^^^^^^^^^^^^^^^^^^^^^^^^^^^^^^^^^^\n  File \"/usr/lib/python3.13/logging/__init__.py\", line 1519, in info\n    self._log(INFO, msg, args, **kwargs)\n    ~~~~~~~~~^^^^^^^^^^^^^^^^^^^^^^^^^^^\n  File \"/usr/lib/python3.13/logging/__init__.py\", line 1662, in _log\n    record = self.makeRecord(self.name, level, fn, lno, msg, args,\n                             exc_info, func, extra, sinfo)\n  File \"/usr/lib/python3.13/logging/__init__.py\", line 1636, in makeRecord\n    raise KeyError(\"Attempt to overwrite %r in LogRecord\" % key)\nKeyError: \"Attempt to overwrite 'name' in LogRecord\""}
{"level": "ERROR", "ts": "2025-09-20T07:38:39", "logger": "asyncio", "msg": "Task exception was never retrieved\nfuture: <Task finished name='Task-5' coro=<RotationAwareTailer.run() done, defined at /workspace/analysis_agent.py:126> exception=KeyError(\"Attempt to overwrite 'name' in LogRecord\")>", "exc": "Traceback (most recent call last):\n  File \"/workspace/analysis_agent.py\", line 127, in run\n    logger.info(\"Tailer start\", extra={\"file\": str(self.path), \"name\": self.name})\n    ~~~~~~~~~~~^^^^^^^^^^^^^^^^^^^^^^^^^^^^^^^^^^^^^^^^^^^^^^^^^^^^^^^^^^^^^^^^^^^\n  File \"/usr/lib/python3.13/logging/__init__.py\", line 1519, in info\n    self._log(INFO, msg, args, **kwargs)\n    ~~~~~~~~~^^^^^^^^^^^^^^^^^^^^^^^^^^^\n  File \"/usr/lib/python3.13/logging/__init__.py\", line 1662, in _log\n    record = self.makeRecord(self.name, level, fn, lno, msg, args,\n                             exc_info, func, extra, sinfo)\n  File \"/usr/lib/python3.13/logging/__init__.py\", line 1636, in makeRecord\n    raise KeyError(\"Attempt to overwrite %r in LogRecord\" % key)\nKeyError: \"Attempt to overwrite 'name' in LogRecord\""}
{"level": "INFO", "ts": "2025-09-20T07:38:46", "logger": "agent_manager", "msg": "Manager starting"}
{"level": "INFO", "ts": "2025-09-20T07:38:46", "logger": "agent_manager", "msg": "Spawning bot"}
{"level": "ERROR", "ts": "2025-09-20T07:38:46", "logger": "agent_manager", "msg": "Stall detected"}
{"level": "WARNING", "ts": "2025-09-20T07:38:46", "logger": "agent_manager", "msg": "Bot exited"}
{"level": "INFO", "ts": "2025-09-20T07:38:48", "logger": "agent_manager", "msg": "Spawning bot"}
{"level": "INFO", "ts": "2025-09-20T07:38:48", "logger": "agent_manager", "msg": "Spawning bot"}
{"level": "WARNING", "ts": "2025-09-20T07:38:48", "logger": "agent_manager", "msg": "Bot exited"}
{"level": "INFO", "ts": "2025-09-20T07:38:50", "logger": "agent_manager", "msg": "Spawning bot"}
{"level": "WARNING", "ts": "2025-09-20T07:38:50", "logger": "agent_manager", "msg": "Bot exited"}
{"level": "INFO", "ts": "2025-09-20T07:38:53", "logger": "agent_manager", "msg": "Spawning bot"}
{"level": "WARNING", "ts": "2025-09-20T07:38:53", "logger": "agent_manager", "msg": "Bot exited"}
{"level": "INFO", "ts": "2025-09-20T07:38:55", "logger": "agent_manager", "msg": "Spawning bot"}
{"level": "WARNING", "ts": "2025-09-20T07:38:55", "logger": "agent_manager", "msg": "Bot exited"}
{"level": "INFO", "ts": "2025-09-20T07:38:56", "logger": "agent_manager", "msg": "Spawning bot"}
{"level": "WARNING", "ts": "2025-09-20T07:38:57", "logger": "agent_manager", "msg": "Bot exited"}
{"level": "INFO", "ts": "2025-09-20T07:38:58", "logger": "agent_manager", "msg": "Spawning bot"}
{"level": "WARNING", "ts": "2025-09-20T07:38:58", "logger": "agent_manager", "msg": "Bot exited"}
{"level": "INFO", "ts": "2025-09-20T07:39:00", "logger": "agent_manager", "msg": "Spawning bot"}
{"level": "WARNING", "ts": "2025-09-20T07:39:00", "logger": "agent_manager", "msg": "Bot exited"}
{"level": "INFO", "ts": "2025-09-20T07:39:02", "logger": "agent_manager", "msg": "Spawning bot"}
{"level": "WARNING", "ts": "2025-09-20T07:39:02", "logger": "agent_manager", "msg": "Bot exited"}
{"level": "INFO", "ts": "2025-09-20T07:39:04", "logger": "agent_manager", "msg": "Spawning bot"}
{"level": "WARNING", "ts": "2025-09-20T07:39:04", "logger": "agent_manager", "msg": "Bot exited"}
{"level": "INFO", "ts": "2025-09-20T07:39:06", "logger": "agent_manager", "msg": "Spawning bot"}
{"level": "WARNING", "ts": "2025-09-20T07:39:06", "logger": "agent_manager", "msg": "Bot exited"}
{"level": "INFO", "ts": "2025-09-20T07:39:08", "logger": "agent_manager", "msg": "Spawning bot"}
{"level": "WARNING", "ts": "2025-09-20T07:39:08", "logger": "agent_manager", "msg": "Bot exited"}
{"level": "INFO", "ts": "2025-09-20T07:39:10", "logger": "agent_manager", "msg": "Spawning bot"}
{"level": "WARNING", "ts": "2025-09-20T07:39:10", "logger": "agent_manager", "msg": "Bot exited"}
{"level": "INFO", "ts": "2025-09-20T07:39:12", "logger": "agent_manager", "msg": "Spawning bot"}
{"level": "WARNING", "ts": "2025-09-20T07:39:12", "logger": "agent_manager", "msg": "Bot exited"}
{"level": "INFO", "ts": "2025-09-20T07:39:14", "logger": "agent_manager", "msg": "Spawning bot"}
{"level": "WARNING", "ts": "2025-09-20T07:39:14", "logger": "agent_manager", "msg": "Bot exited"}
{"level": "INFO", "ts": "2025-09-20T07:39:16", "logger": "agent_manager", "msg": "Spawning bot"}
{"level": "WARNING", "ts": "2025-09-20T07:39:16", "logger": "agent_manager", "msg": "Bot exited"}
{"level": "ERROR", "ts": "2025-09-20T07:39:18", "logger": "agent_manager", "msg": "Stall detected"}
{"level": "INFO", "ts": "2025-09-20T07:39:19", "logger": "agent_manager", "msg": "Spawning bot"}
{"level": "WARNING", "ts": "2025-09-20T07:39:19", "logger": "agent_manager", "msg": "Bot exited"}
{"level": "INFO", "ts": "2025-09-20T07:39:19", "logger": "agent_manager", "msg": "Spawning bot"}
{"level": "INFO", "ts": "2025-09-20T07:39:21", "logger": "agent_manager", "msg": "Spawning bot"}
{"level": "WARNING", "ts": "2025-09-20T07:39:21", "logger": "agent_manager", "msg": "Bot exited"}
{"level": "INFO", "ts": "2025-09-20T07:39:23", "logger": "agent_manager", "msg": "Spawning bot"}
{"level": "WARNING", "ts": "2025-09-20T07:39:23", "logger": "agent_manager", "msg": "Bot exited"}
{"level": "INFO", "ts": "2025-09-20T07:39:25", "logger": "agent_manager", "msg": "Spawning bot"}
{"level": "WARNING", "ts": "2025-09-20T07:39:25", "logger": "agent_manager", "msg": "Bot exited"}
{"level": "INFO", "ts": "2025-09-20T07:39:27", "logger": "agent_manager", "msg": "Spawning bot"}
{"level": "WARNING", "ts": "2025-09-20T07:39:27", "logger": "agent_manager", "msg": "Bot exited"}
{"level": "INFO", "ts": "2025-09-20T07:39:29", "logger": "agent_manager", "msg": "Manager starting"}
{"level": "INFO", "ts": "2025-09-20T07:39:29", "logger": "agent_manager", "msg": "Spawning bot"}
{"level": "INFO", "ts": "2025-09-20T07:39:29", "logger": "analysis_agent", "msg": "Tailer start"}
{"level": "INFO", "ts": "2025-09-20T07:39:29", "logger": "analysis_agent", "msg": "Tailer start"}
{"level": "WARNING", "ts": "2025-09-20T07:39:30", "logger": "agent_manager", "msg": "Bot exited"}
{"level": "INFO", "ts": "2025-09-20T07:39:32", "logger": "agent_manager", "msg": "Spawning bot"}
{"level": "WARNING", "ts": "2025-09-20T07:39:33", "logger": "agent_manager", "msg": "Bot exited"}
{"level": "INFO", "ts": "2025-09-20T07:39:35", "logger": "agent_manager", "msg": "Spawning bot"}
{"level": "WARNING", "ts": "2025-09-20T07:39:36", "logger": "agent_manager", "msg": "Bot exited"}
{"level": "INFO", "ts": "2025-09-20T07:39:38", "logger": "agent_manager", "msg": "Spawning bot"}
{"level": "ERROR", "ts": "2025-09-20T07:39:39", "logger": "agent_manager", "msg": "Stall detected"}
{"level": "WARNING", "ts": "2025-09-20T07:39:39", "logger": "agent_manager", "msg": "Bot exited"}
{"level": "INFO", "ts": "2025-09-20T07:39:40", "logger": "agent_manager", "msg": "Spawning bot"}
{"level": "INFO", "ts": "2025-09-20T07:39:41", "logger": "agent_manager", "msg": "Spawning bot"}
{"level": "WARNING", "ts": "2025-09-20T07:39:42", "logger": "agent_manager", "msg": "Bot exited"}
{"level": "INFO", "ts": "2025-09-20T07:39:44", "logger": "agent_manager", "msg": "Spawning bot"}
{"level": "WARNING", "ts": "2025-09-20T07:39:45", "logger": "agent_manager", "msg": "Bot exited"}
{"level": "INFO", "ts": "2025-09-20T07:39:47", "logger": "agent_manager", "msg": "Spawning bot"}
{"level": "WARNING", "ts": "2025-09-20T07:39:48", "logger": "agent_manager", "msg": "Bot exited"}
{"level": "INFO", "ts": "2025-09-20T07:39:50", "logger": "agent_manager", "msg": "Spawning bot"}
{"level": "WARNING", "ts": "2025-09-20T07:39:51", "logger": "agent_manager", "msg": "Bot exited"}
{"level": "INFO", "ts": "2025-09-20T07:39:53", "logger": "agent_manager", "msg": "Spawning bot"}
{"level": "WARNING", "ts": "2025-09-20T07:39:54", "logger": "agent_manager", "msg": "Bot exited"}
{"level": "INFO", "ts": "2025-09-20T07:39:56", "logger": "agent_manager", "msg": "Spawning bot"}
{"level": "WARNING", "ts": "2025-09-20T07:39:57", "logger": "agent_manager", "msg": "Bot exited"}
{"level": "INFO", "ts": "2025-09-20T07:39:59", "logger": "agent_manager", "msg": "Spawning bot"}
{"level": "WARNING", "ts": "2025-09-20T07:40:00", "logger": "agent_manager", "msg": "Bot exited"}
{"level": "INFO", "ts": "2025-09-20T07:40:02", "logger": "agent_manager", "msg": "Spawning bot"}
{"level": "WARNING", "ts": "2025-09-20T07:40:03", "logger": "agent_manager", "msg": "Bot exited"}
{"level": "INFO", "ts": "2025-09-20T07:40:05", "logger": "agent_manager", "msg": "Spawning bot"}
{"level": "WARNING", "ts": "2025-09-20T07:40:06", "logger": "agent_manager", "msg": "Bot exited"}
{"level": "INFO", "ts": "2025-09-20T07:40:07", "logger": "agent_manager", "msg": "Spawning bot"}
{"level": "WARNING", "ts": "2025-09-20T07:40:08", "logger": "agent_manager", "msg": "Bot exited"}
{"level": "ERROR", "ts": "2025-09-20T07:40:10", "logger": "agent_manager", "msg": "Stall detected"}
{"level": "INFO", "ts": "2025-09-20T07:40:10", "logger": "agent_manager", "msg": "Spawning bot"}
{"level": "WARNING", "ts": "2025-09-20T07:40:11", "logger": "agent_manager", "msg": "Bot exited"}
{"level": "INFO", "ts": "2025-09-20T07:40:13", "logger": "agent_manager", "msg": "Spawning bot"}
{"level": "INFO", "ts": "2025-09-20T07:40:13", "logger": "agent_manager", "msg": "Spawning bot"}
{"level": "WARNING", "ts": "2025-09-20T07:40:14", "logger": "agent_manager", "msg": "Bot exited"}
{"level": "INFO", "ts": "2025-09-20T07:40:17", "logger": "agent_manager", "msg": "Spawning bot"}
{"level": "WARNING", "ts": "2025-09-20T07:40:18", "logger": "agent_manager", "msg": "Bot exited"}
{"level": "INFO", "ts": "2025-09-20T07:40:20", "logger": "agent_manager", "msg": "Spawning bot"}
{"level": "WARNING", "ts": "2025-09-20T07:40:21", "logger": "agent_manager", "msg": "Bot exited"}
{"level": "INFO", "ts": "2025-09-20T07:40:23", "logger": "agent_manager", "msg": "Spawning bot"}
{"level": "WARNING", "ts": "2025-09-20T07:40:24", "logger": "agent_manager", "msg": "Bot exited"}
{"level": "INFO", "ts": "2025-09-20T07:40:25", "logger": "agent_manager", "msg": "Spawning bot"}
{"level": "WARNING", "ts": "2025-09-20T07:40:26", "logger": "agent_manager", "msg": "Bot exited"}
{"level": "INFO", "ts": "2025-09-20T07:40:28", "logger": "agent_manager", "msg": "Spawning bot"}
{"level": "INFO", "ts": "2025-09-20T07:40:29", "logger": "analysis_agent", "msg": "Analysis snapshot written"}
{"level": "WARNING", "ts": "2025-09-20T07:40:29", "logger": "agent_manager", "msg": "Bot exited"}
{"level": "INFO", "ts": "2025-09-20T07:40:31", "logger": "agent_manager", "msg": "Spawning bot"}
{"level": "WARNING", "ts": "2025-09-20T07:40:32", "logger": "agent_manager", "msg": "Bot exited"}
{"level": "INFO", "ts": "2025-09-20T07:40:33", "logger": "agent_manager", "msg": "Spawning bot"}
{"level": "WARNING", "ts": "2025-09-20T07:40:34", "logger": "agent_manager", "msg": "Bot exited"}
{"level": "INFO", "ts": "2025-09-20T07:40:36", "logger": "agent_manager", "msg": "Spawning bot"}
{"level": "WARNING", "ts": "2025-09-20T07:40:37", "logger": "agent_manager", "msg": "Bot exited"}
{"level": "INFO", "ts": "2025-09-20T07:40:39", "logger": "agent_manager", "msg": "Spawning bot"}
{"level": "WARNING", "ts": "2025-09-20T07:40:40", "logger": "agent_manager", "msg": "Bot exited"}
{"level": "INFO", "ts": "2025-09-20T07:40:42", "logger": "agent_manager", "msg": "Spawning bot"}
{"level": "ERROR", "ts": "2025-09-20T07:40:43", "logger": "agent_manager", "msg": "Stall detected"}
{"level": "WARNING", "ts": "2025-09-20T07:40:43", "logger": "agent_manager", "msg": "Bot exited"}
{"level": "INFO", "ts": "2025-09-20T07:40:44", "logger": "agent_manager", "msg": "Spawning bot"}
{"level": "INFO", "ts": "2025-09-20T07:40:45", "logger": "agent_manager", "msg": "Spawning bot"}
{"level": "WARNING", "ts": "2025-09-20T07:40:46", "logger": "agent_manager", "msg": "Bot exited"}
{"level": "INFO", "ts": "2025-09-20T07:40:48", "logger": "agent_manager", "msg": "Spawning bot"}
{"level": "WARNING", "ts": "2025-09-20T07:40:49", "logger": "agent_manager", "msg": "Bot exited"}
{"level": "INFO", "ts": "2025-09-20T07:40:51", "logger": "agent_manager", "msg": "Spawning bot"}
{"level": "WARNING", "ts": "2025-09-20T07:40:52", "logger": "agent_manager", "msg": "Bot exited"}
{"level": "INFO", "ts": "2025-09-20T07:40:54", "logger": "agent_manager", "msg": "Spawning bot"}
{"level": "WARNING", "ts": "2025-09-20T07:40:55", "logger": "agent_manager", "msg": "Bot exited"}
{"level": "INFO", "ts": "2025-09-20T07:40:58", "logger": "agent_manager", "msg": "Spawning bot"}
